
31. Printing statistics.

=== rcu ===

   Number of wires:              85939
   Number of wire bits:          87758
   Number of public wires:       10306
   Number of public wire bits:   12125
   Number of memories:               0
   Number of memory bits:            0
   Number of processes:              0
   Number of cells:              86883
     sky130_fd_sc_hd__a2111o_2      31
     sky130_fd_sc_hd__a2111oi_2     15
     sky130_fd_sc_hd__a211o_2     2506
     sky130_fd_sc_hd__a211oi_2      70
     sky130_fd_sc_hd__a21bo_2      100
     sky130_fd_sc_hd__a21boi_2      19
     sky130_fd_sc_hd__a21o_2      3687
     sky130_fd_sc_hd__a21oi_2      727
     sky130_fd_sc_hd__a221o_2     6399
     sky130_fd_sc_hd__a221oi_2      83
     sky130_fd_sc_hd__a22o_2      1924
     sky130_fd_sc_hd__a22oi_2       54
     sky130_fd_sc_hd__a2bb2o_2     202
     sky130_fd_sc_hd__a2bb2oi_2      1
     sky130_fd_sc_hd__a311o_2      101
     sky130_fd_sc_hd__a311oi_2       4
     sky130_fd_sc_hd__a31o_2       861
     sky130_fd_sc_hd__a31oi_2       41
     sky130_fd_sc_hd__a32o_2       189
     sky130_fd_sc_hd__a32oi_2        4
     sky130_fd_sc_hd__a41o_2         5
     sky130_fd_sc_hd__and2_2      1090
     sky130_fd_sc_hd__and2b_2       28
     sky130_fd_sc_hd__and3_2      1178
     sky130_fd_sc_hd__and3b_2       45
     sky130_fd_sc_hd__and4_2        23
     sky130_fd_sc_hd__and4b_2       17
     sky130_fd_sc_hd__and4bb_2      17
     sky130_fd_sc_hd__buf_1      16881
     sky130_fd_sc_hd__buf_2          1
     sky130_fd_sc_hd__dfxtp_2    10825
     sky130_fd_sc_hd__dlxtn_1        1
     sky130_fd_sc_hd__inv_2        416
     sky130_fd_sc_hd__mux2_2     19918
     sky130_fd_sc_hd__mux4_2      1391
     sky130_fd_sc_hd__nand2_2     1732
     sky130_fd_sc_hd__nand2b_2       3
     sky130_fd_sc_hd__nand3_2       65
     sky130_fd_sc_hd__nand3b_2      16
     sky130_fd_sc_hd__nand4_2        7
     sky130_fd_sc_hd__nand4b_2       7
     sky130_fd_sc_hd__nor2_2      1788
     sky130_fd_sc_hd__nor2b_2       13
     sky130_fd_sc_hd__nor3_2        36
     sky130_fd_sc_hd__nor3b_2       17
     sky130_fd_sc_hd__nor4_2        14
     sky130_fd_sc_hd__nor4b_2        3
     sky130_fd_sc_hd__o2111a_2       3
     sky130_fd_sc_hd__o211a_2     5825
     sky130_fd_sc_hd__o211ai_2      36
     sky130_fd_sc_hd__o21a_2      1299
     sky130_fd_sc_hd__o21ai_2      920
     sky130_fd_sc_hd__o21ba_2      123
     sky130_fd_sc_hd__o21bai_2      68
     sky130_fd_sc_hd__o221a_2     2121
     sky130_fd_sc_hd__o221ai_2       3
     sky130_fd_sc_hd__o22a_2       641
     sky130_fd_sc_hd__o22ai_2       48
     sky130_fd_sc_hd__o2bb2a_2     110
     sky130_fd_sc_hd__o311a_2      192
     sky130_fd_sc_hd__o311ai_2       6
     sky130_fd_sc_hd__o31a_2       122
     sky130_fd_sc_hd__o31ai_2        8
     sky130_fd_sc_hd__o32a_2       101
     sky130_fd_sc_hd__o32ai_2        3
     sky130_fd_sc_hd__o41a_2         1
     sky130_fd_sc_hd__or2_2       2271
     sky130_fd_sc_hd__or2b_2        24
     sky130_fd_sc_hd__or3_2        125
     sky130_fd_sc_hd__or3b_2       100
     sky130_fd_sc_hd__or4_2         72
     sky130_fd_sc_hd__or4b_2        50
     sky130_fd_sc_hd__or4bb_2       15
     sky130_fd_sc_hd__xnor2_2       31
     sky130_fd_sc_hd__xor2_2        10

   Chip area for module '\rcu': 902036.374401

