
===========================================================================
report_checks -path_delay min (Hold)
============================================================================
Startpoint: _151694_ (rising edge-triggered flip-flop clocked by clk)
Endpoint: _151694_ (rising edge-triggered flip-flop clocked by clk)
Path Group: clk
Path Type: min

Fanout     Cap    Slew   Delay    Time   Description
-----------------------------------------------------------------------------
                  0.15    0.00    0.00   clock clk (rise edge)
                          0.00    0.00   clock network delay (ideal)
                  0.15    0.00    0.00 ^ _151694_/CLK (sky130_fd_sc_hd__dfxtp_2)
                  0.04    0.33    0.33 ^ _151694_/Q (sky130_fd_sc_hd__dfxtp_2)
     2    0.00                           md_queue.fifo_queue[2][0] (net)
                  0.04    0.00    0.33 ^ _084421_/A1 (sky130_fd_sc_hd__a21o_2)
                  0.02    0.09    0.43 ^ _084421_/X (sky130_fd_sc_hd__a21o_2)
     1    0.00                           _000288_ (net)
                  0.02    0.00    0.43 ^ _151694_/D (sky130_fd_sc_hd__dfxtp_2)
                                  0.43   data arrival time

                  0.15    0.00    0.00   clock clk (rise edge)
                          0.00    0.00   clock network delay (ideal)
                          0.25    0.25   clock uncertainty
                          0.00    0.25   clock reconvergence pessimism
                                  0.25 ^ _151694_/CLK (sky130_fd_sc_hd__dfxtp_2)
                         -0.01    0.24   library hold time
                                  0.24   data required time
-----------------------------------------------------------------------------
                                  0.24   data required time
                                 -0.43   data arrival time
-----------------------------------------------------------------------------
                                  0.19   slack (MET)


Startpoint: _151695_ (rising edge-triggered flip-flop clocked by clk)
Endpoint: _151695_ (rising edge-triggered flip-flop clocked by clk)
Path Group: clk
Path Type: min

Fanout     Cap    Slew   Delay    Time   Description
-----------------------------------------------------------------------------
                  0.15    0.00    0.00   clock clk (rise edge)
                          0.00    0.00   clock network delay (ideal)
                  0.15    0.00    0.00 ^ _151695_/CLK (sky130_fd_sc_hd__dfxtp_2)
                  0.04    0.33    0.33 ^ _151695_/Q (sky130_fd_sc_hd__dfxtp_2)
     2    0.00                           md_queue.fifo_queue[2][1] (net)
                  0.04    0.00    0.33 ^ _084540_/A1 (sky130_fd_sc_hd__a21o_2)
                  0.02    0.09    0.43 ^ _084540_/X (sky130_fd_sc_hd__a21o_2)
     1    0.00                           _000289_ (net)
                  0.02    0.00    0.43 ^ _151695_/D (sky130_fd_sc_hd__dfxtp_2)
                                  0.43   data arrival time

                  0.15    0.00    0.00   clock clk (rise edge)
                          0.00    0.00   clock network delay (ideal)
                          0.25    0.25   clock uncertainty
                          0.00    0.25   clock reconvergence pessimism
                                  0.25 ^ _151695_/CLK (sky130_fd_sc_hd__dfxtp_2)
                         -0.01    0.24   library hold time
                                  0.24   data required time
-----------------------------------------------------------------------------
                                  0.24   data required time
                                 -0.43   data arrival time
-----------------------------------------------------------------------------
                                  0.19   slack (MET)


Startpoint: _151696_ (rising edge-triggered flip-flop clocked by clk)
Endpoint: _151696_ (rising edge-triggered flip-flop clocked by clk)
Path Group: clk
Path Type: min

Fanout     Cap    Slew   Delay    Time   Description
-----------------------------------------------------------------------------
                  0.15    0.00    0.00   clock clk (rise edge)
                          0.00    0.00   clock network delay (ideal)
                  0.15    0.00    0.00 ^ _151696_/CLK (sky130_fd_sc_hd__dfxtp_2)
                  0.04    0.33    0.33 ^ _151696_/Q (sky130_fd_sc_hd__dfxtp_2)
     2    0.00                           md_queue.fifo_queue[2][2] (net)
                  0.04    0.00    0.33 ^ _084584_/A1 (sky130_fd_sc_hd__a21o_2)
                  0.02    0.09    0.43 ^ _084584_/X (sky130_fd_sc_hd__a21o_2)
     1    0.00                           _000290_ (net)
                  0.02    0.00    0.43 ^ _151696_/D (sky130_fd_sc_hd__dfxtp_2)
                                  0.43   data arrival time

                  0.15    0.00    0.00   clock clk (rise edge)
                          0.00    0.00   clock network delay (ideal)
                          0.25    0.25   clock uncertainty
                          0.00    0.25   clock reconvergence pessimism
                                  0.25 ^ _151696_/CLK (sky130_fd_sc_hd__dfxtp_2)
                         -0.01    0.24   library hold time
                                  0.24   data required time
-----------------------------------------------------------------------------
                                  0.24   data required time
                                 -0.43   data arrival time
-----------------------------------------------------------------------------
                                  0.19   slack (MET)


Startpoint: _151697_ (rising edge-triggered flip-flop clocked by clk)
Endpoint: _151697_ (rising edge-triggered flip-flop clocked by clk)
Path Group: clk
Path Type: min

Fanout     Cap    Slew   Delay    Time   Description
-----------------------------------------------------------------------------
                  0.15    0.00    0.00   clock clk (rise edge)
                          0.00    0.00   clock network delay (ideal)
                  0.15    0.00    0.00 ^ _151697_/CLK (sky130_fd_sc_hd__dfxtp_2)
                  0.04    0.33    0.33 ^ _151697_/Q (sky130_fd_sc_hd__dfxtp_2)
     2    0.00                           md_queue.fifo_queue[2][3] (net)
                  0.04    0.00    0.33 ^ _084650_/A1 (sky130_fd_sc_hd__a21o_2)
                  0.02    0.09    0.43 ^ _084650_/X (sky130_fd_sc_hd__a21o_2)
     1    0.00                           _000291_ (net)
                  0.02    0.00    0.43 ^ _151697_/D (sky130_fd_sc_hd__dfxtp_2)
                                  0.43   data arrival time

                  0.15    0.00    0.00   clock clk (rise edge)
                          0.00    0.00   clock network delay (ideal)
                          0.25    0.25   clock uncertainty
                          0.00    0.25   clock reconvergence pessimism
                                  0.25 ^ _151697_/CLK (sky130_fd_sc_hd__dfxtp_2)
                         -0.01    0.24   library hold time
                                  0.24   data required time
-----------------------------------------------------------------------------
                                  0.24   data required time
                                 -0.43   data arrival time
-----------------------------------------------------------------------------
                                  0.19   slack (MET)


Startpoint: _151826_ (rising edge-triggered flip-flop clocked by clk)
Endpoint: _151826_ (rising edge-triggered flip-flop clocked by clk)
Path Group: clk
Path Type: min

Fanout     Cap    Slew   Delay    Time   Description
-----------------------------------------------------------------------------
                  0.15    0.00    0.00   clock clk (rise edge)
                          0.00    0.00   clock network delay (ideal)
                  0.15    0.00    0.00 ^ _151826_/CLK (sky130_fd_sc_hd__dfxtp_2)
                  0.04    0.33    0.33 ^ _151826_/Q (sky130_fd_sc_hd__dfxtp_2)
     2    0.00                           md_queue.fifo_queue[2][132] (net)
                  0.04    0.00    0.33 ^ _102976_/A1 (sky130_fd_sc_hd__a21o_2)
                  0.02    0.09    0.43 ^ _102976_/X (sky130_fd_sc_hd__a21o_2)
     1    0.00                           _000420_ (net)
                  0.02    0.00    0.43 ^ _151826_/D (sky130_fd_sc_hd__dfxtp_2)
                                  0.43   data arrival time

                  0.15    0.00    0.00   clock clk (rise edge)
                          0.00    0.00   clock network delay (ideal)
                          0.25    0.25   clock uncertainty
                          0.00    0.25   clock reconvergence pessimism
                                  0.25 ^ _151826_/CLK (sky130_fd_sc_hd__dfxtp_2)
                         -0.01    0.24   library hold time
                                  0.24   data required time
-----------------------------------------------------------------------------
                                  0.24   data required time
                                 -0.43   data arrival time
-----------------------------------------------------------------------------
                                  0.19   slack (MET)


