
===========================================================================
report_checks -unconstrained
============================================================================
Startpoint: func_md_done_valid_i (input port clocked by clk)
Endpoint: rcu_csr_req_valid_o (output port clocked by clk)
Path Group: clk
Path Type: max

Fanout     Cap    Slew   Delay    Time   Description
-----------------------------------------------------------------------------
                  0.15    0.00    0.00   clock clk (rise edge)
                          0.00    0.00   clock network delay (ideal)
                          5.00    5.00 ^ input external delay
                  0.06    0.04    5.04 ^ func_md_done_valid_i (in)
     5    0.01                           func_md_done_valid_i (net)
                  0.06    0.00    5.04 ^ _076010_/C_N (sky130_fd_sc_hd__or4bb_2)
                  0.12    0.68    5.72 v _076010_/X (sky130_fd_sc_hd__or4bb_2)
     6    0.01                           _011216_ (net)
                  0.12    0.00    5.72 v _078766_/D (sky130_fd_sc_hd__or4_2)
                  0.13    0.63    6.35 v _078766_/X (sky130_fd_sc_hd__or4_2)
     4    0.01                           _013537_ (net)
                  0.13    0.00    6.35 v _078767_/C_N (sky130_fd_sc_hd__or3b_2)
                  0.03    0.23    6.58 ^ _078767_/X (sky130_fd_sc_hd__or3b_2)
     1    0.00                           _013538_ (net)
                  0.03    0.00    6.58 ^ _078768_/A (sky130_fd_sc_hd__buf_1)
                  0.41    0.34    6.93 ^ _078768_/X (sky130_fd_sc_hd__buf_1)
     8    0.03                           _013539_ (net)
                  0.41    0.00    6.93 ^ _079603_/A (sky130_fd_sc_hd__buf_1)
                  0.53    0.50    7.42 ^ _079603_/X (sky130_fd_sc_hd__buf_1)
    10    0.05                           _014341_ (net)
                  0.53    0.00    7.43 ^ _080174_/B (sky130_fd_sc_hd__nand2_2)
                  0.08    0.08    7.51 v _080174_/Y (sky130_fd_sc_hd__nand2_2)
     1    0.00                           _014912_ (net)
                  0.08    0.00    7.52 v _080175_/B1 (sky130_fd_sc_hd__o211a_2)
                  0.04    0.15    7.66 v _080175_/X (sky130_fd_sc_hd__o211a_2)
     1    0.00                           _014913_ (net)
                  0.04    0.00    7.67 v _080176_/B1 (sky130_fd_sc_hd__a211o_2)
                  0.05    0.31    7.98 v _080176_/X (sky130_fd_sc_hd__a211o_2)
     1    0.00                           _014914_ (net)
                  0.05    0.00    7.98 v _080177_/C1 (sky130_fd_sc_hd__o211a_2)
                  0.04    0.12    8.10 v _080177_/X (sky130_fd_sc_hd__o211a_2)
     1    0.00                           _014915_ (net)
                  0.04    0.00    8.10 v _080178_/A3 (sky130_fd_sc_hd__o31a_2)
                  0.05    0.28    8.38 v _080178_/X (sky130_fd_sc_hd__o31a_2)
     1    0.00                           _014916_ (net)
                  0.05    0.00    8.39 v _080251_/B (sky130_fd_sc_hd__or4_2)
                  0.13    0.72    9.10 v _080251_/X (sky130_fd_sc_hd__or4_2)
     5    0.01                           _014989_ (net)
                  0.13    0.00    9.11 v _081032_/A3 (sky130_fd_sc_hd__mux4_2)
                  0.10    0.54    9.65 v _081032_/X (sky130_fd_sc_hd__mux4_2)
     4    0.01                           _015770_ (net)
                  0.10    0.00    9.65 v _081033_/A3 (sky130_fd_sc_hd__mux4_2)
                  0.12    0.57   10.22 v _081033_/X (sky130_fd_sc_hd__mux4_2)
     7    0.02                           _015771_ (net)
                  0.12    0.00   10.22 v _081035_/C (sky130_fd_sc_hd__and4_2)
                  0.07    0.31   10.53 v _081035_/X (sky130_fd_sc_hd__and4_2)
     5    0.02                           _015773_ (net)
                  0.07    0.00   10.53 v _081045_/A (sky130_fd_sc_hd__and4_2)
                  0.06    0.23   10.76 v _081045_/X (sky130_fd_sc_hd__and4_2)
     4    0.01                           _015783_ (net)
                  0.06    0.00   10.76 v _081059_/A (sky130_fd_sc_hd__and4_2)
                  0.06    0.22   10.98 v _081059_/X (sky130_fd_sc_hd__and4_2)
     5    0.01                           _015797_ (net)
                  0.06    0.00   10.98 v _081075_/B (sky130_fd_sc_hd__and4b_2)
                  0.04    0.21   11.19 v _081075_/X (sky130_fd_sc_hd__and4b_2)
     1    0.00                           _015813_ (net)
                  0.04    0.00   11.20 v _081076_/A (sky130_fd_sc_hd__buf_1)
                  0.11    0.16   11.36 v _081076_/X (sky130_fd_sc_hd__buf_1)
     8    0.02                           _015814_ (net)
                  0.11    0.00   11.36 v _081088_/A (sky130_fd_sc_hd__and2_2)
                  0.05    0.22   11.58 v _081088_/X (sky130_fd_sc_hd__and2_2)
     4    0.01                           _015826_ (net)
                  0.05    0.00   11.58 v _081089_/A3 (sky130_fd_sc_hd__mux4_2)
                  0.10    0.51   12.10 v _081089_/X (sky130_fd_sc_hd__mux4_2)
     4    0.01                           _015827_ (net)
                  0.10    0.00   12.10 v _081128_/A2 (sky130_fd_sc_hd__mux4_2)
                  0.12    0.56   12.66 v _081128_/X (sky130_fd_sc_hd__mux4_2)
     4    0.01                           _015866_ (net)
                  0.12    0.00   12.66 v _081132_/A (sky130_fd_sc_hd__or4_2)
                  0.10    0.70   13.36 v _081132_/X (sky130_fd_sc_hd__or4_2)
     1    0.00                           _015870_ (net)
                  0.10    0.00   13.36 v _081133_/A (sky130_fd_sc_hd__buf_1)
                  0.12    0.19   13.56 v _081133_/X (sky130_fd_sc_hd__buf_1)
     8    0.02                           _015871_ (net)
                  0.12    0.00   13.56 v _081145_/B (sky130_fd_sc_hd__or4_2)
                  0.10    0.68   14.24 v _081145_/X (sky130_fd_sc_hd__or4_2)
     1    0.00                           _015883_ (net)
                  0.10    0.00   14.25 v _081146_/A (sky130_fd_sc_hd__buf_1)
                  0.16    0.22   14.47 v _081146_/X (sky130_fd_sc_hd__buf_1)
     7    0.03                           _015884_ (net)
                  0.16    0.00   14.47 v _083753_/A1 (sky130_fd_sc_hd__a21oi_2)
                  0.29    0.33   14.80 ^ _083753_/Y (sky130_fd_sc_hd__a21oi_2)
     7    0.02                           _018291_ (net)
                  0.29    0.01   14.81 ^ _083754_/B (sky130_fd_sc_hd__nor2_2)
                  0.11    0.15   14.96 v _083754_/Y (sky130_fd_sc_hd__nor2_2)
     9    0.03                           _018292_ (net)
                  0.11    0.00   14.96 v _083755_/B (sky130_fd_sc_hd__nand2_2)
                  0.11    0.14   15.10 ^ _083755_/Y (sky130_fd_sc_hd__nand2_2)
     6    0.02                           _018293_ (net)
                  0.11    0.00   15.10 ^ _083761_/B (sky130_fd_sc_hd__and2_2)
                  0.04    0.15   15.25 ^ _083761_/X (sky130_fd_sc_hd__and2_2)
     1    0.00                           _018298_ (net)
                  0.04    0.00   15.26 ^ _083762_/A (sky130_fd_sc_hd__buf_1)
                  0.23    0.22   15.47 ^ _083762_/X (sky130_fd_sc_hd__buf_1)
     8    0.02                           _018299_ (net)
                  0.23    0.00   15.48 ^ _083763_/A (sky130_fd_sc_hd__buf_1)
                  0.78    0.65   16.13 ^ _083763_/X (sky130_fd_sc_hd__buf_1)
    10    0.07                           rcu_csr_req_valid_o (net)
                  0.78    0.00   16.13 ^ rcu_csr_req_valid_o (out)
                                 16.13   data arrival time

                  0.15   25.00   25.00   clock clk (rise edge)
                          0.00   25.00   clock network delay (ideal)
                         -0.25   24.75   clock uncertainty
                          0.00   24.75   clock reconvergence pessimism
                         -5.00   19.75   output external delay
                                 19.75   data required time
-----------------------------------------------------------------------------
                                 19.75   data required time
                                -16.13   data arrival time
-----------------------------------------------------------------------------
                                  3.62   slack (MET)



===========================================================================
report_checks --slack_max -0.01
============================================================================
No paths found.
